  [1m[36mPicture Load (2.2ms)[0m  [1m[34mSELECT  "pictures".* FROM "pictures" ORDER BY "pictures"."id" DESC LIMIT ?[0m  [["LIMIT", 1]]
  [1m[35m (0.7ms)[0m  [1m[34mSELECT sqlite_version(*)[0m
  [1m[35m (4.3ms)[0m  [1m[35mCREATE TABLE "schema_migrations" ("version" varchar NOT NULL PRIMARY KEY)[0m
  [1m[35m (1.3ms)[0m  [1m[35mCREATE TABLE "ar_internal_metadata" ("key" varchar NOT NULL PRIMARY KEY, "value" varchar, "created_at" datetime NOT NULL, "updated_at" datetime NOT NULL)[0m
  [1m[35m (0.6ms)[0m  [1m[34mSELECT "schema_migrations"."version" FROM "schema_migrations" ORDER BY "schema_migrations"."version" ASC[0m
Migrating to CreateUsers (20170508182545)
  [1m[35m (0.2ms)[0m  [1m[36mbegin transaction[0m
  [1m[35m (0.8ms)[0m  [1m[35mCREATE TABLE "users" ("id" INTEGER PRIMARY KEY AUTOINCREMENT NOT NULL, "email" varchar, "username" varchar, "password" varchar, "created_at" datetime NOT NULL, "updated_at" datetime NOT NULL)[0m
  [1m[35mSQL (0.3ms)[0m  [1m[32mINSERT INTO "schema_migrations" ("version") VALUES (?)[0m  [["version", "20170508182545"]]
  [1m[35m (1.2ms)[0m  [1m[36mcommit transaction[0m
Migrating to CreatePictures (20170508182806)
  [1m[35m (0.1ms)[0m  [1m[36mbegin transaction[0m
  [1m[35m (0.7ms)[0m  [1m[35mCREATE TABLE "pictures" ("id" INTEGER PRIMARY KEY AUTOINCREMENT NOT NULL, "image_url" varchar, "title" varchar, "user_id" integer, "created_at" datetime NOT NULL, "updated_at" datetime NOT NULL)[0m
  [1m[35mSQL (0.2ms)[0m  [1m[32mINSERT INTO "schema_migrations" ("version") VALUES (?)[0m  [["version", "20170508182806"]]
  [1m[35m (1.3ms)[0m  [1m[36mcommit transaction[0m
Migrating to CreateTags (20170508182845)
  [1m[35m (0.1ms)[0m  [1m[36mbegin transaction[0m
  [1m[35m (0.7ms)[0m  [1m[35mCREATE TABLE "tags" ("id" INTEGER PRIMARY KEY AUTOINCREMENT NOT NULL, "name" varchar, "created_at" datetime NOT NULL, "updated_at" datetime NOT NULL)[0m
  [1m[35mSQL (0.2ms)[0m  [1m[32mINSERT INTO "schema_migrations" ("version") VALUES (?)[0m  [["version", "20170508182845"]]
  [1m[35m (1.2ms)[0m  [1m[36mcommit transaction[0m
Migrating to CreatePicturesTags (20170508182926)
  [1m[35m (0.1ms)[0m  [1m[36mbegin transaction[0m
  [1m[35m (0.5ms)[0m  [1m[35mCREATE TABLE "pictures_tags" ("id" INTEGER PRIMARY KEY AUTOINCREMENT NOT NULL, "picture_id" integer, "tag_id" integer, "created_at" datetime NOT NULL, "updated_at" datetime NOT NULL)[0m
  [1m[35mSQL (0.7ms)[0m  [1m[32mINSERT INTO "schema_migrations" ("version") VALUES (?)[0m  [["version", "20170508182926"]]
  [1m[35m (1.1ms)[0m  [1m[36mcommit transaction[0m
Migrating to CreateComments (20170508183031)
  [1m[35m (0.1ms)[0m  [1m[36mbegin transaction[0m
  [1m[35m (0.5ms)[0m  [1m[35mCREATE TABLE "comments" ("id" INTEGER PRIMARY KEY AUTOINCREMENT NOT NULL, "content" varchar, "user_id" integer, "picture_id" integer, "created_at" datetime NOT NULL, "updated_at" datetime NOT NULL)[0m
  [1m[35mSQL (0.5ms)[0m  [1m[32mINSERT INTO "schema_migrations" ("version") VALUES (?)[0m  [["version", "20170508183031"]]
  [1m[35m (1.2ms)[0m  [1m[36mcommit transaction[0m
  [1m[36mActiveRecord::InternalMetadata Load (0.3ms)[0m  [1m[34mSELECT  "ar_internal_metadata".* FROM "ar_internal_metadata" WHERE "ar_internal_metadata"."key" = ? LIMIT ?[0m  [["key", "environment"], ["LIMIT", 1]]
  [1m[35m (0.1ms)[0m  [1m[36mbegin transaction[0m
  [1m[35mSQL (0.9ms)[0m  [1m[32mINSERT INTO "ar_internal_metadata" ("key", "value", "created_at", "updated_at") VALUES (?, ?, ?, ?)[0m  [["key", "environment"], ["value", "development"], ["created_at", "2017-05-08 19:47:23.219343"], ["updated_at", "2017-05-08 19:47:23.219343"]]
  [1m[35m (1.5ms)[0m  [1m[36mcommit transaction[0m
  [1m[35m (0.2ms)[0m  [1m[34mSELECT "schema_migrations"."version" FROM "schema_migrations" ORDER BY "schema_migrations"."version" ASC[0m
  [1m[35m (0.6ms)[0m  [1m[34mSELECT "schema_migrations"."version" FROM "schema_migrations" ORDER BY "schema_migrations"."version" ASC[0m
  [1m[35m (0.1ms)[0m  [1m[36mbegin transaction[0m
  [1m[35mSQL (1.6ms)[0m  [1m[32mINSERT INTO "users" ("email", "username", "password", "created_at", "updated_at") VALUES (?, ?, ?, ?, ?)[0m  [["email", "user1@example.com"], ["username", "user1"], ["password", "test123"], ["created_at", "2017-05-08 19:47:39.727080"], ["updated_at", "2017-05-08 19:47:39.727080"]]
  [1m[35m (1.5ms)[0m  [1m[36mcommit transaction[0m
  [1m[35m (0.1ms)[0m  [1m[36mbegin transaction[0m
  [1m[35mSQL (0.3ms)[0m  [1m[32mINSERT INTO "users" ("email", "username", "password", "created_at", "updated_at") VALUES (?, ?, ?, ?, ?)[0m  [["email", "user2@example.com"], ["username", "user2"], ["password", "test123"], ["created_at", "2017-05-08 19:47:39.732602"], ["updated_at", "2017-05-08 19:47:39.732602"]]
  [1m[35m (0.8ms)[0m  [1m[36mcommit transaction[0m
  [1m[35m (0.1ms)[0m  [1m[36mbegin transaction[0m
  [1m[35mSQL (0.3ms)[0m  [1m[32mINSERT INTO "users" ("email", "username", "password", "created_at", "updated_at") VALUES (?, ?, ?, ?, ?)[0m  [["email", "user3@example.com"], ["username", "user3"], ["password", "test123"], ["created_at", "2017-05-08 19:47:39.736153"], ["updated_at", "2017-05-08 19:47:39.736153"]]
  [1m[35m (1.3ms)[0m  [1m[36mcommit transaction[0m
  [1m[35m (0.1ms)[0m  [1m[36mbegin transaction[0m
  [1m[35mSQL (0.7ms)[0m  [1m[32mINSERT INTO "tags" ("name", "created_at", "updated_at") VALUES (?, ?, ?)[0m  [["name", "Nature"], ["created_at", "2017-05-08 19:47:39.753364"], ["updated_at", "2017-05-08 19:47:39.753364"]]
  [1m[35m (0.8ms)[0m  [1m[36mcommit transaction[0m
  [1m[35m (0.4ms)[0m  [1m[36mbegin transaction[0m
  [1m[35mSQL (0.3ms)[0m  [1m[32mINSERT INTO "tags" ("name", "created_at", "updated_at") VALUES (?, ?, ?)[0m  [["name", "NYC"], ["created_at", "2017-05-08 19:47:39.757016"], ["updated_at", "2017-05-08 19:47:39.757016"]]
  [1m[35m (0.8ms)[0m  [1m[36mcommit transaction[0m
  [1m[35m (0.1ms)[0m  [1m[36mbegin transaction[0m
  [1m[35mSQL (0.3ms)[0m  [1m[32mINSERT INTO "tags" ("name", "created_at", "updated_at") VALUES (?, ?, ?)[0m  [["name", "Art"], ["created_at", "2017-05-08 19:47:39.759876"], ["updated_at", "2017-05-08 19:47:39.759876"]]
  [1m[35m (0.8ms)[0m  [1m[36mcommit transaction[0m
  [1m[35m (0.1ms)[0m  [1m[36mbegin transaction[0m
  [1m[35mSQL (0.3ms)[0m  [1m[32mINSERT INTO "tags" ("name", "created_at", "updated_at") VALUES (?, ?, ?)[0m  [["name", "Humor"], ["created_at", "2017-05-08 19:47:39.762880"], ["updated_at", "2017-05-08 19:47:39.762880"]]
  [1m[35m (0.8ms)[0m  [1m[36mcommit transaction[0m
  [1m[36mUser Load (0.7ms)[0m  [1m[34mSELECT  "users".* FROM "users" ORDER BY "users"."id" ASC LIMIT ?[0m  [["LIMIT", 1]]
  [1m[35m (0.1ms)[0m  [1m[36mbegin transaction[0m
  [1m[36mUser Load (0.2ms)[0m  [1m[34mSELECT  "users".* FROM "users" WHERE "users"."id" = ? LIMIT ?[0m  [["id", 1], ["LIMIT", 1]]
  [1m[35mSQL (1.3ms)[0m  [1m[32mINSERT INTO "pictures" ("image_url", "title", "user_id", "created_at", "updated_at") VALUES (?, ?, ?, ?, ?)[0m  [["image_url", "http://www.defenders.org/sites/default/files/styles/large/public/dolphin-kristian-sekulic-isp.jpg"], ["title", "Saw a dolphin!"], ["user_id", 1], ["created_at", "2017-05-08 19:47:39.821528"], ["updated_at", "2017-05-08 19:47:39.821528"]]
  [1m[35m (0.9ms)[0m  [1m[36mcommit transaction[0m
  [1m[36mPicture Load (0.3ms)[0m  [1m[34mSELECT  "pictures".* FROM "pictures" ORDER BY "pictures"."id" DESC LIMIT ?[0m  [["LIMIT", 1]]
  [1m[36mPicture Load (0.9ms)[0m  [1m[34mSELECT  "pictures".* FROM "pictures" ORDER BY "pictures"."id" DESC LIMIT ?[0m  [["LIMIT", 1]]
  [1m[36mPicture Load (0.8ms)[0m  [1m[34mSELECT  "pictures".* FROM "pictures" ORDER BY "pictures"."id" DESC LIMIT ?[0m  [["LIMIT", 1]]
  [1m[35m (0.7ms)[0m  [1m[34mSELECT "schema_migrations"."version" FROM "schema_migrations" ORDER BY "schema_migrations"."version" ASC[0m
  [1m[36mActiveRecord::InternalMetadata Load (1.2ms)[0m  [1m[34mSELECT  "ar_internal_metadata".* FROM "ar_internal_metadata" WHERE "ar_internal_metadata"."key" = ? LIMIT ?[0m  [["key", "environment"], ["LIMIT", 1]]
  [1m[35m (0.1ms)[0m  [1m[36mbegin transaction[0m
  [1m[35m (0.1ms)[0m  [1m[36mcommit transaction[0m
  [1m[35m (0.2ms)[0m  [1m[34mSELECT "schema_migrations"."version" FROM "schema_migrations" ORDER BY "schema_migrations"."version" ASC[0m
  [1m[35m (0.8ms)[0m  [1m[34mSELECT "schema_migrations"."version" FROM "schema_migrations" ORDER BY "schema_migrations"."version" ASC[0m
  [1m[35m (0.1ms)[0m  [1m[36mbegin transaction[0m
  [1m[35mSQL (2.2ms)[0m  [1m[32mINSERT INTO "users" ("email", "username", "password", "created_at", "updated_at") VALUES (?, ?, ?, ?, ?)[0m  [["email", "user1@example.com"], ["username", "user1"], ["password", "test123"], ["created_at", "2017-05-08 19:54:20.287288"], ["updated_at", "2017-05-08 19:54:20.287288"]]
  [1m[35m (3.0ms)[0m  [1m[36mcommit transaction[0m
  [1m[35m (0.1ms)[0m  [1m[36mbegin transaction[0m
  [1m[35mSQL (0.4ms)[0m  [1m[32mINSERT INTO "users" ("email", "username", "password", "created_at", "updated_at") VALUES (?, ?, ?, ?, ?)[0m  [["email", "user2@example.com"], ["username", "user2"], ["password", "test123"], ["created_at", "2017-05-08 19:54:20.296386"], ["updated_at", "2017-05-08 19:54:20.296386"]]
  [1m[35m (1.0ms)[0m  [1m[36mcommit transaction[0m
  [1m[35m (0.1ms)[0m  [1m[36mbegin transaction[0m
  [1m[35mSQL (0.5ms)[0m  [1m[32mINSERT INTO "users" ("email", "username", "password", "created_at", "updated_at") VALUES (?, ?, ?, ?, ?)[0m  [["email", "user3@example.com"], ["username", "user3"], ["password", "test123"], ["created_at", "2017-05-08 19:54:20.300217"], ["updated_at", "2017-05-08 19:54:20.300217"]]
  [1m[35m (1.5ms)[0m  [1m[36mcommit transaction[0m
  [1m[35m (0.1ms)[0m  [1m[36mbegin transaction[0m
  [1m[35mSQL (0.4ms)[0m  [1m[32mINSERT INTO "tags" ("name", "created_at", "updated_at") VALUES (?, ?, ?)[0m  [["name", "Nature"], ["created_at", "2017-05-08 19:54:20.319797"], ["updated_at", "2017-05-08 19:54:20.319797"]]
  [1m[35m (0.9ms)[0m  [1m[36mcommit transaction[0m
  [1m[35m (0.1ms)[0m  [1m[36mbegin transaction[0m
  [1m[35mSQL (0.4ms)[0m  [1m[32mINSERT INTO "tags" ("name", "created_at", "updated_at") VALUES (?, ?, ?)[0m  [["name", "NYC"], ["created_at", "2017-05-08 19:54:20.323331"], ["updated_at", "2017-05-08 19:54:20.323331"]]
  [1m[35m (0.9ms)[0m  [1m[36mcommit transaction[0m
  [1m[35m (0.1ms)[0m  [1m[36mbegin transaction[0m
  [1m[35mSQL (0.4ms)[0m  [1m[32mINSERT INTO "tags" ("name", "created_at", "updated_at") VALUES (?, ?, ?)[0m  [["name", "Art"], ["created_at", "2017-05-08 19:54:20.327326"], ["updated_at", "2017-05-08 19:54:20.327326"]]
  [1m[35m (1.0ms)[0m  [1m[36mcommit transaction[0m
  [1m[35m (0.5ms)[0m  [1m[36mbegin transaction[0m
  [1m[35mSQL (0.4ms)[0m  [1m[32mINSERT INTO "tags" ("name", "created_at", "updated_at") VALUES (?, ?, ?)[0m  [["name", "Humor"], ["created_at", "2017-05-08 19:54:20.330919"], ["updated_at", "2017-05-08 19:54:20.330919"]]
  [1m[35m (0.9ms)[0m  [1m[36mcommit transaction[0m
  [1m[36mUser Load (0.3ms)[0m  [1m[34mSELECT  "users".* FROM "users" ORDER BY "users"."id" ASC LIMIT ?[0m  [["LIMIT", 1]]
  [1m[35m (0.1ms)[0m  [1m[36mbegin transaction[0m
  [1m[36mUser Load (0.3ms)[0m  [1m[34mSELECT  "users".* FROM "users" WHERE "users"."id" = ? LIMIT ?[0m  [["id", 1], ["LIMIT", 1]]
  [1m[35mSQL (0.4ms)[0m  [1m[32mINSERT INTO "pictures" ("image_url", "title", "user_id", "created_at", "updated_at") VALUES (?, ?, ?, ?, ?)[0m  [["image_url", "http://www.defenders.org/sites/default/files/styles/large/public/dolphin-kristian-sekulic-isp.jpg"], ["title", "Saw a dolphin!"], ["user_id", 1], ["created_at", "2017-05-08 19:54:20.387925"], ["updated_at", "2017-05-08 19:54:20.387925"]]
  [1m[35m (0.9ms)[0m  [1m[36mcommit transaction[0m
  [1m[36mPicture Load (0.3ms)[0m  [1m[34mSELECT  "pictures".* FROM "pictures" ORDER BY "pictures"."id" DESC LIMIT ?[0m  [["LIMIT", 1]]
  [1m[35m (0.3ms)[0m  [1m[34mSELECT sqlite_version(*)[0m
  [1m[35m (1.3ms)[0m  [1m[35mCREATE TABLE "schema_migrations" ("version" varchar NOT NULL PRIMARY KEY)[0m
  [1m[35m (1.4ms)[0m  [1m[35mCREATE TABLE "ar_internal_metadata" ("key" varchar NOT NULL PRIMARY KEY, "value" varchar, "created_at" datetime NOT NULL, "updated_at" datetime NOT NULL)[0m
  [1m[35m (0.3ms)[0m  [1m[34mSELECT "schema_migrations"."version" FROM "schema_migrations" ORDER BY "schema_migrations"."version" ASC[0m
Migrating to CreateUsers (20170508182545)
  [1m[35m (0.1ms)[0m  [1m[36mbegin transaction[0m
  [1m[35m (1.2ms)[0m  [1m[35mCREATE TABLE "users" ("id" INTEGER PRIMARY KEY AUTOINCREMENT NOT NULL, "email" varchar, "username" varchar, "password" varchar, "created_at" datetime NOT NULL, "updated_at" datetime NOT NULL)[0m
  [1m[35mSQL (0.2ms)[0m  [1m[32mINSERT INTO "schema_migrations" ("version") VALUES (?)[0m  [["version", "20170508182545"]]
  [1m[35m (0.9ms)[0m  [1m[36mcommit transaction[0m
Migrating to CreatePictures (20170508182806)
  [1m[35m (0.1ms)[0m  [1m[36mbegin transaction[0m
  [1m[35m (0.6ms)[0m  [1m[35mCREATE TABLE "pictures" ("id" INTEGER PRIMARY KEY AUTOINCREMENT NOT NULL, "image_url" varchar, "title" varchar, "user_id" integer, "created_at" datetime NOT NULL, "updated_at" datetime NOT NULL)[0m
  [1m[35mSQL (0.3ms)[0m  [1m[32mINSERT INTO "schema_migrations" ("version") VALUES (?)[0m  [["version", "20170508182806"]]
  [1m[35m (1.0ms)[0m  [1m[36mcommit transaction[0m
Migrating to CreateTags (20170508182845)
  [1m[35m (0.1ms)[0m  [1m[36mbegin transaction[0m
  [1m[35m (0.4ms)[0m  [1m[35mCREATE TABLE "tags" ("id" INTEGER PRIMARY KEY AUTOINCREMENT NOT NULL, "name" varchar, "created_at" datetime NOT NULL, "updated_at" datetime NOT NULL)[0m
  [1m[35mSQL (0.2ms)[0m  [1m[32mINSERT INTO "schema_migrations" ("version") VALUES (?)[0m  [["version", "20170508182845"]]
  [1m[35m (1.0ms)[0m  [1m[36mcommit transaction[0m
Migrating to CreatePictureTags (20170508182926)
  [1m[35m (0.1ms)[0m  [1m[36mbegin transaction[0m
  [1m[35m (0.5ms)[0m  [1m[35mCREATE TABLE "picture_tags" ("id" INTEGER PRIMARY KEY AUTOINCREMENT NOT NULL, "picture_id" integer, "tag_id" integer, "created_at" datetime NOT NULL, "updated_at" datetime NOT NULL)[0m
  [1m[35mSQL (0.2ms)[0m  [1m[32mINSERT INTO "schema_migrations" ("version") VALUES (?)[0m  [["version", "20170508182926"]]
  [1m[35m (0.9ms)[0m  [1m[36mcommit transaction[0m
Migrating to CreateComments (20170508183031)
  [1m[35m (0.1ms)[0m  [1m[36mbegin transaction[0m
  [1m[35m (0.4ms)[0m  [1m[35mCREATE TABLE "comments" ("id" INTEGER PRIMARY KEY AUTOINCREMENT NOT NULL, "content" varchar, "user_id" integer, "picture_id" integer, "created_at" datetime NOT NULL, "updated_at" datetime NOT NULL)[0m
  [1m[35mSQL (0.4ms)[0m  [1m[32mINSERT INTO "schema_migrations" ("version") VALUES (?)[0m  [["version", "20170508183031"]]
  [1m[35m (2.5ms)[0m  [1m[36mcommit transaction[0m
  [1m[36mActiveRecord::InternalMetadata Load (0.3ms)[0m  [1m[34mSELECT  "ar_internal_metadata".* FROM "ar_internal_metadata" WHERE "ar_internal_metadata"."key" = ? LIMIT ?[0m  [["key", "environment"], ["LIMIT", 1]]
  [1m[35m (6.4ms)[0m  [1m[36mbegin transaction[0m
  [1m[35mSQL (0.7ms)[0m  [1m[32mINSERT INTO "ar_internal_metadata" ("key", "value", "created_at", "updated_at") VALUES (?, ?, ?, ?)[0m  [["key", "environment"], ["value", "development"], ["created_at", "2017-05-08 19:56:18.109074"], ["updated_at", "2017-05-08 19:56:18.109074"]]
  [1m[35m (1.0ms)[0m  [1m[36mcommit transaction[0m
  [1m[35m (0.2ms)[0m  [1m[34mSELECT "schema_migrations"."version" FROM "schema_migrations" ORDER BY "schema_migrations"."version" ASC[0m
  [1m[35m (0.8ms)[0m  [1m[34mSELECT "schema_migrations"."version" FROM "schema_migrations" ORDER BY "schema_migrations"."version" ASC[0m
  [1m[35m (0.1ms)[0m  [1m[36mbegin transaction[0m
  [1m[35mSQL (1.4ms)[0m  [1m[32mINSERT INTO "users" ("email", "username", "password", "created_at", "updated_at") VALUES (?, ?, ?, ?, ?)[0m  [["email", "user1@example.com"], ["username", "user1"], ["password", "test123"], ["created_at", "2017-05-08 19:56:47.460578"], ["updated_at", "2017-05-08 19:56:47.460578"]]
  [1m[35m (1.0ms)[0m  [1m[36mcommit transaction[0m
  [1m[35m (0.1ms)[0m  [1m[36mbegin transaction[0m
  [1m[35mSQL (0.4ms)[0m  [1m[32mINSERT INTO "users" ("email", "username", "password", "created_at", "updated_at") VALUES (?, ?, ?, ?, ?)[0m  [["email", "user2@example.com"], ["username", "user2"], ["password", "test123"], ["created_at", "2017-05-08 19:56:47.466548"], ["updated_at", "2017-05-08 19:56:47.466548"]]
  [1m[35m (1.0ms)[0m  [1m[36mcommit transaction[0m
  [1m[35m (0.1ms)[0m  [1m[36mbegin transaction[0m
  [1m[35mSQL (0.4ms)[0m  [1m[32mINSERT INTO "users" ("email", "username", "password", "created_at", "updated_at") VALUES (?, ?, ?, ?, ?)[0m  [["email", "user3@example.com"], ["username", "user3"], ["password", "test123"], ["created_at", "2017-05-08 19:56:47.470379"], ["updated_at", "2017-05-08 19:56:47.470379"]]
  [1m[35m (1.1ms)[0m  [1m[36mcommit transaction[0m
  [1m[35m (0.1ms)[0m  [1m[36mbegin transaction[0m
  [1m[35mSQL (0.9ms)[0m  [1m[32mINSERT INTO "tags" ("name", "created_at", "updated_at") VALUES (?, ?, ?)[0m  [["name", "Nature"], ["created_at", "2017-05-08 19:56:47.489714"], ["updated_at", "2017-05-08 19:56:47.489714"]]
  [1m[35m (1.1ms)[0m  [1m[36mcommit transaction[0m
  [1m[35m (0.1ms)[0m  [1m[36mbegin transaction[0m
  [1m[35mSQL (0.4ms)[0m  [1m[32mINSERT INTO "tags" ("name", "created_at", "updated_at") VALUES (?, ?, ?)[0m  [["name", "NYC"], ["created_at", "2017-05-08 19:56:47.494399"], ["updated_at", "2017-05-08 19:56:47.494399"]]
  [1m[35m (0.9ms)[0m  [1m[36mcommit transaction[0m
  [1m[35m (0.6ms)[0m  [1m[36mbegin transaction[0m
  [1m[35mSQL (0.4ms)[0m  [1m[32mINSERT INTO "tags" ("name", "created_at", "updated_at") VALUES (?, ?, ?)[0m  [["name", "Art"], ["created_at", "2017-05-08 19:56:47.498234"], ["updated_at", "2017-05-08 19:56:47.498234"]]
  [1m[35m (0.9ms)[0m  [1m[36mcommit transaction[0m
  [1m[35m (0.1ms)[0m  [1m[36mbegin transaction[0m
  [1m[35mSQL (0.4ms)[0m  [1m[32mINSERT INTO "tags" ("name", "created_at", "updated_at") VALUES (?, ?, ?)[0m  [["name", "Humor"], ["created_at", "2017-05-08 19:56:47.502113"], ["updated_at", "2017-05-08 19:56:47.502113"]]
  [1m[35m (1.0ms)[0m  [1m[36mcommit transaction[0m
  [1m[36mUser Load (0.4ms)[0m  [1m[34mSELECT  "users".* FROM "users" ORDER BY "users"."id" ASC LIMIT ?[0m  [["LIMIT", 1]]
  [1m[35m (0.1ms)[0m  [1m[36mbegin transaction[0m
  [1m[36mUser Load (0.3ms)[0m  [1m[34mSELECT  "users".* FROM "users" WHERE "users"."id" = ? LIMIT ?[0m  [["id", 1], ["LIMIT", 1]]
  [1m[35mSQL (0.8ms)[0m  [1m[32mINSERT INTO "pictures" ("image_url", "title", "user_id", "created_at", "updated_at") VALUES (?, ?, ?, ?, ?)[0m  [["image_url", "http://www.defenders.org/sites/default/files/styles/large/public/dolphin-kristian-sekulic-isp.jpg"], ["title", "Saw a dolphin!"], ["user_id", 1], ["created_at", "2017-05-08 19:56:47.562577"], ["updated_at", "2017-05-08 19:56:47.562577"]]
  [1m[35m (1.0ms)[0m  [1m[36mcommit transaction[0m
  [1m[36mPicture Load (0.8ms)[0m  [1m[34mSELECT  "pictures".* FROM "pictures" ORDER BY "pictures"."id" DESC LIMIT ?[0m  [["LIMIT", 1]]
  [1m[36mTag Load (0.8ms)[0m  [1m[34mSELECT  "tags".* FROM "tags" INNER JOIN "picture_tags" ON "tags"."id" = "picture_tags"."tag_id" WHERE "picture_tags"."picture_id" = ? LIMIT ?[0m  [["picture_id", 1], ["LIMIT", 11]]
  [1m[36mComment Load (3.7ms)[0m  [1m[34mSELECT  "comments".* FROM "comments" WHERE "comments"."picture_id" = ? LIMIT ?[0m  [["picture_id", 1], ["LIMIT", 11]]
  [1m[36mPictureTag Load (0.7ms)[0m  [1m[34mSELECT  "picture_tags".* FROM "picture_tags" WHERE "picture_tags"."picture_id" = ? LIMIT ?[0m  [["picture_id", 1], ["LIMIT", 11]]
  [1m[36mTag Load (2.4ms)[0m  [1m[34mSELECT "tags".* FROM "tags"[0m
  [1m[36mPicture Load (0.8ms)[0m  [1m[34mSELECT "pictures".* FROM "pictures" INNER JOIN "picture_tags" ON "pictures"."id" = "picture_tags"."picture_id" WHERE "picture_tags"."tag_id" = ?[0m  [["tag_id", 1]]
  [1m[36mPicture Load (0.1ms)[0m  [1m[34mSELECT "pictures".* FROM "pictures" INNER JOIN "picture_tags" ON "pictures"."id" = "picture_tags"."picture_id" WHERE "picture_tags"."tag_id" = ?[0m  [["tag_id", 2]]
  [1m[36mPicture Load (0.1ms)[0m  [1m[34mSELECT "pictures".* FROM "pictures" INNER JOIN "picture_tags" ON "pictures"."id" = "picture_tags"."picture_id" WHERE "picture_tags"."tag_id" = ?[0m  [["tag_id", 3]]
  [1m[36mPicture Load (0.1ms)[0m  [1m[34mSELECT "pictures".* FROM "pictures" INNER JOIN "picture_tags" ON "pictures"."id" = "picture_tags"."picture_id" WHERE "picture_tags"."tag_id" = ?[0m  [["tag_id", 4]]
  [1m[36mTag Load (2.8ms)[0m  [1m[34mSELECT "tags".* FROM "tags"[0m
  [1m[36mPicture Load (0.9ms)[0m  [1m[34mSELECT "pictures".* FROM "pictures" INNER JOIN "picture_tags" ON "pictures"."id" = "picture_tags"."picture_id" WHERE "picture_tags"."tag_id" = ?[0m  [["tag_id", 1]]
  [1m[36mPicture Load (0.1ms)[0m  [1m[34mSELECT "pictures".* FROM "pictures" INNER JOIN "picture_tags" ON "pictures"."id" = "picture_tags"."picture_id" WHERE "picture_tags"."tag_id" = ?[0m  [["tag_id", 2]]
  [1m[36mPicture Load (0.1ms)[0m  [1m[34mSELECT "pictures".* FROM "pictures" INNER JOIN "picture_tags" ON "pictures"."id" = "picture_tags"."picture_id" WHERE "picture_tags"."tag_id" = ?[0m  [["tag_id", 3]]
  [1m[36mPicture Load (0.1ms)[0m  [1m[34mSELECT "pictures".* FROM "pictures" INNER JOIN "picture_tags" ON "pictures"."id" = "picture_tags"."picture_id" WHERE "picture_tags"."tag_id" = ?[0m  [["tag_id", 4]]
  [1m[36mTag Load (2.3ms)[0m  [1m[34mSELECT "tags".* FROM "tags"[0m
  [1m[36mPicture Load (0.8ms)[0m  [1m[34mSELECT "pictures".* FROM "pictures" INNER JOIN "picture_tags" ON "pictures"."id" = "picture_tags"."picture_id" WHERE "picture_tags"."tag_id" = ?[0m  [["tag_id", 1]]
  [1m[36mPicture Load (0.1ms)[0m  [1m[34mSELECT "pictures".* FROM "pictures" INNER JOIN "picture_tags" ON "pictures"."id" = "picture_tags"."picture_id" WHERE "picture_tags"."tag_id" = ?[0m  [["tag_id", 2]]
  [1m[36mPicture Load (0.2ms)[0m  [1m[34mSELECT "pictures".* FROM "pictures" INNER JOIN "picture_tags" ON "pictures"."id" = "picture_tags"."picture_id" WHERE "picture_tags"."tag_id" = ?[0m  [["tag_id", 3]]
  [1m[36mPicture Load (0.1ms)[0m  [1m[34mSELECT "pictures".* FROM "pictures" INNER JOIN "picture_tags" ON "pictures"."id" = "picture_tags"."picture_id" WHERE "picture_tags"."tag_id" = ?[0m  [["tag_id", 4]]
  [1m[35m (0.6ms)[0m  [1m[34mSELECT "schema_migrations"."version" FROM "schema_migrations" ORDER BY "schema_migrations"."version" ASC[0m
  [1m[35m (0.1ms)[0m  [1m[36mbegin transaction[0m
  [1m[35mSQL (1.3ms)[0m  [1m[32mINSERT INTO "users" ("email", "username", "password", "created_at", "updated_at") VALUES (?, ?, ?, ?, ?)[0m  [["email", "user1@example.com"], ["username", "user1"], ["password", "test123"], ["created_at", "2017-05-08 20:16:07.593471"], ["updated_at", "2017-05-08 20:16:07.593471"]]
  [1m[35m (1.5ms)[0m  [1m[36mcommit transaction[0m
  [1m[35m (0.1ms)[0m  [1m[36mbegin transaction[0m
  [1m[35mSQL (0.4ms)[0m  [1m[32mINSERT INTO "users" ("email", "username", "password", "created_at", "updated_at") VALUES (?, ?, ?, ?, ?)[0m  [["email", "user2@example.com"], ["username", "user2"], ["password", "test123"], ["created_at", "2017-05-08 20:16:07.599660"], ["updated_at", "2017-05-08 20:16:07.599660"]]
  [1m[35m (0.8ms)[0m  [1m[36mcommit transaction[0m
  [1m[35m (0.5ms)[0m  [1m[36mbegin transaction[0m
  [1m[35mSQL (0.4ms)[0m  [1m[32mINSERT INTO "users" ("email", "username", "password", "created_at", "updated_at") VALUES (?, ?, ?, ?, ?)[0m  [["email", "user3@example.com"], ["username", "user3"], ["password", "test123"], ["created_at", "2017-05-08 20:16:07.603425"], ["updated_at", "2017-05-08 20:16:07.603425"]]
  [1m[35m (0.9ms)[0m  [1m[36mcommit transaction[0m
  [1m[35m (0.1ms)[0m  [1m[36mbegin transaction[0m
  [1m[35mSQL (0.4ms)[0m  [1m[32mINSERT INTO "tags" ("name", "created_at", "updated_at") VALUES (?, ?, ?)[0m  [["name", "Nature"], ["created_at", "2017-05-08 20:16:07.622018"], ["updated_at", "2017-05-08 20:16:07.622018"]]
  [1m[35m (0.9ms)[0m  [1m[36mcommit transaction[0m
  [1m[35m (0.0ms)[0m  [1m[36mbegin transaction[0m
  [1m[35mSQL (1.1ms)[0m  [1m[32mINSERT INTO "tags" ("name", "created_at", "updated_at") VALUES (?, ?, ?)[0m  [["name", "NYC"], ["created_at", "2017-05-08 20:16:07.625287"], ["updated_at", "2017-05-08 20:16:07.625287"]]
  [1m[35m (2.4ms)[0m  [1m[36mcommit transaction[0m
  [1m[35m (0.2ms)[0m  [1m[36mbegin transaction[0m
  [1m[35mSQL (1.8ms)[0m  [1m[32mINSERT INTO "tags" ("name", "created_at", "updated_at") VALUES (?, ?, ?)[0m  [["name", "Art"], ["created_at", "2017-05-08 20:16:07.631551"], ["updated_at", "2017-05-08 20:16:07.631551"]]
  [1m[35m (1.2ms)[0m  [1m[36mcommit transaction[0m
  [1m[35m (0.1ms)[0m  [1m[36mbegin transaction[0m
  [1m[35mSQL (0.4ms)[0m  [1m[32mINSERT INTO "tags" ("name", "created_at", "updated_at") VALUES (?, ?, ?)[0m  [["name", "Humor"], ["created_at", "2017-05-08 20:16:07.637221"], ["updated_at", "2017-05-08 20:16:07.637221"]]
  [1m[35m (0.8ms)[0m  [1m[36mcommit transaction[0m
  [1m[36mUser Load (0.4ms)[0m  [1m[34mSELECT  "users".* FROM "users" ORDER BY "users"."id" ASC LIMIT ?[0m  [["LIMIT", 1]]
  [1m[35m (0.1ms)[0m  [1m[36mbegin transaction[0m
  [1m[36mUser Load (0.2ms)[0m  [1m[34mSELECT  "users".* FROM "users" WHERE "users"."id" = ? LIMIT ?[0m  [["id", 1], ["LIMIT", 1]]
  [1m[35mSQL (1.0ms)[0m  [1m[32mINSERT INTO "pictures" ("image_url", "title", "user_id", "created_at", "updated_at") VALUES (?, ?, ?, ?, ?)[0m  [["image_url", "http://www.defenders.org/sites/default/files/styles/large/public/dolphin-kristian-sekulic-isp.jpg"], ["title", "Saw a dolphin!"], ["user_id", 1], ["created_at", "2017-05-08 20:16:07.744150"], ["updated_at", "2017-05-08 20:16:07.744150"]]
  [1m[35m (1.0ms)[0m  [1m[36mcommit transaction[0m
  [1m[36mUser Load (0.6ms)[0m  [1m[34mSELECT  "users".* FROM "users" ORDER BY "users"."id" ASC LIMIT ?[0m  [["LIMIT", 1]]
  [1m[35m (0.1ms)[0m  [1m[36mbegin transaction[0m
  [1m[36mUser Load (0.1ms)[0m  [1m[34mSELECT  "users".* FROM "users" WHERE "users"."id" = ? LIMIT ?[0m  [["id", 1], ["LIMIT", 1]]
  [1m[35mSQL (0.4ms)[0m  [1m[32mINSERT INTO "pictures" ("image_url", "title", "user_id", "created_at", "updated_at") VALUES (?, ?, ?, ?, ?)[0m  [["image_url", "https://upload.wikimedia.org/wikipedia/commons/thumb/5/57/Water_buffaloes_in_Wuyishan_Wufu_2012.08.24_15-46-30.jpg/1024px-Water_buffaloes_in_Wuyishan_Wufu_2012.08.24_15-46-30.jpg"], ["title", "Saw a dolphin!"], ["user_id", 1], ["created_at", "2017-05-08 20:16:07.751911"], ["updated_at", "2017-05-08 20:16:07.751911"]]
  [1m[35m (0.9ms)[0m  [1m[36mcommit transaction[0m
  [1m[35m (0.1ms)[0m  [1m[36mbegin transaction[0m
  [1m[36mPicture Load (0.2ms)[0m  [1m[34mSELECT  "pictures".* FROM "pictures" WHERE "pictures"."id" = ? LIMIT ?[0m  [["id", 1], ["LIMIT", 1]]
  [1m[36mTag Load (0.6ms)[0m  [1m[34mSELECT  "tags".* FROM "tags" WHERE "tags"."id" = ? LIMIT ?[0m  [["id", 1], ["LIMIT", 1]]
  [1m[35mSQL (0.5ms)[0m  [1m[32mINSERT INTO "picture_tags" ("picture_id", "tag_id", "created_at", "updated_at") VALUES (?, ?, ?, ?)[0m  [["picture_id", 1], ["tag_id", 1], ["created_at", "2017-05-08 20:16:07.780650"], ["updated_at", "2017-05-08 20:16:07.780650"]]
  [1m[35m (0.8ms)[0m  [1m[36mcommit transaction[0m
  [1m[35m (0.1ms)[0m  [1m[36mbegin transaction[0m
  [1m[36mPicture Load (0.1ms)[0m  [1m[34mSELECT  "pictures".* FROM "pictures" WHERE "pictures"."id" = ? LIMIT ?[0m  [["id", 2], ["LIMIT", 1]]
  [1m[36mTag Load (0.1ms)[0m  [1m[34mSELECT  "tags".* FROM "tags" WHERE "tags"."id" = ? LIMIT ?[0m  [["id", 1], ["LIMIT", 1]]
  [1m[35mSQL (1.1ms)[0m  [1m[32mINSERT INTO "picture_tags" ("picture_id", "tag_id", "created_at", "updated_at") VALUES (?, ?, ?, ?)[0m  [["picture_id", 2], ["tag_id", 1], ["created_at", "2017-05-08 20:16:07.787183"], ["updated_at", "2017-05-08 20:16:07.787183"]]
  [1m[35m (1.5ms)[0m  [1m[36mcommit transaction[0m
  [1m[35m (0.1ms)[0m  [1m[36mbegin transaction[0m
  [1m[36mPicture Load (0.2ms)[0m  [1m[34mSELECT  "pictures".* FROM "pictures" WHERE "pictures"."id" = ? LIMIT ?[0m  [["id", 2], ["LIMIT", 1]]
  [1m[36mTag Load (0.1ms)[0m  [1m[34mSELECT  "tags".* FROM "tags" WHERE "tags"."id" = ? LIMIT ?[0m  [["id", 1], ["LIMIT", 1]]
  [1m[35mSQL (0.3ms)[0m  [1m[32mINSERT INTO "picture_tags" ("picture_id", "tag_id", "created_at", "updated_at") VALUES (?, ?, ?, ?)[0m  [["picture_id", 2], ["tag_id", 1], ["created_at", "2017-05-08 20:16:07.795462"], ["updated_at", "2017-05-08 20:16:07.795462"]]
  [1m[35m (0.9ms)[0m  [1m[36mcommit transaction[0m
  [1m[35m (0.0ms)[0m  [1m[36mbegin transaction[0m
  [1m[36mPicture Load (0.1ms)[0m  [1m[34mSELECT  "pictures".* FROM "pictures" WHERE "pictures"."id" = ? LIMIT ?[0m  [["id", 1], ["LIMIT", 1]]
  [1m[36mTag Load (0.1ms)[0m  [1m[34mSELECT  "tags".* FROM "tags" WHERE "tags"."id" = ? LIMIT ?[0m  [["id", 2], ["LIMIT", 1]]
  [1m[35mSQL (0.3ms)[0m  [1m[32mINSERT INTO "picture_tags" ("picture_id", "tag_id", "created_at", "updated_at") VALUES (?, ?, ?, ?)[0m  [["picture_id", 1], ["tag_id", 2], ["created_at", "2017-05-08 20:16:07.801331"], ["updated_at", "2017-05-08 20:16:07.801331"]]
  [1m[35m (0.9ms)[0m  [1m[36mcommit transaction[0m
  [1m[36mTag Load (2.9ms)[0m  [1m[34mSELECT "tags".* FROM "tags"[0m
  [1m[36mPicture Load (0.4ms)[0m  [1m[34mSELECT "pictures".* FROM "pictures" INNER JOIN "picture_tags" ON "pictures"."id" = "picture_tags"."picture_id" WHERE "picture_tags"."tag_id" = ?[0m  [["tag_id", 1]]
  [1m[36mPicture Load (0.2ms)[0m  [1m[34mSELECT "pictures".* FROM "pictures" INNER JOIN "picture_tags" ON "pictures"."id" = "picture_tags"."picture_id" WHERE "picture_tags"."tag_id" = ?[0m  [["tag_id", 2]]
  [1m[36mPicture Load (0.1ms)[0m  [1m[34mSELECT "pictures".* FROM "pictures" INNER JOIN "picture_tags" ON "pictures"."id" = "picture_tags"."picture_id" WHERE "picture_tags"."tag_id" = ?[0m  [["tag_id", 3]]
  [1m[36mPicture Load (0.1ms)[0m  [1m[34mSELECT "pictures".* FROM "pictures" INNER JOIN "picture_tags" ON "pictures"."id" = "picture_tags"."picture_id" WHERE "picture_tags"."tag_id" = ?[0m  [["tag_id", 4]]
  [1m[36mPicture Load (0.1ms)[0m  [1m[34mSELECT "pictures".* FROM "pictures" INNER JOIN "picture_tags" ON "pictures"."id" = "picture_tags"."picture_id" WHERE "picture_tags"."tag_id" = ?[0m  [["tag_id", 5]]
  [1m[36mPicture Load (0.1ms)[0m  [1m[34mSELECT "pictures".* FROM "pictures" INNER JOIN "picture_tags" ON "pictures"."id" = "picture_tags"."picture_id" WHERE "picture_tags"."tag_id" = ?[0m  [["tag_id", 6]]
  [1m[36mPicture Load (0.1ms)[0m  [1m[34mSELECT "pictures".* FROM "pictures" INNER JOIN "picture_tags" ON "pictures"."id" = "picture_tags"."picture_id" WHERE "picture_tags"."tag_id" = ?[0m  [["tag_id", 7]]
  [1m[36mPicture Load (0.1ms)[0m  [1m[34mSELECT "pictures".* FROM "pictures" INNER JOIN "picture_tags" ON "pictures"."id" = "picture_tags"."picture_id" WHERE "picture_tags"."tag_id" = ?[0m  [["tag_id", 8]]
  [1m[35m (0.2ms)[0m  [1m[34mSELECT sqlite_version(*)[0m
  [1m[35m (1.7ms)[0m  [1m[35mCREATE TABLE "schema_migrations" ("version" varchar NOT NULL PRIMARY KEY)[0m
  [1m[35m (1.3ms)[0m  [1m[35mCREATE TABLE "ar_internal_metadata" ("key" varchar NOT NULL PRIMARY KEY, "value" varchar, "created_at" datetime NOT NULL, "updated_at" datetime NOT NULL)[0m
  [1m[35m (0.3ms)[0m  [1m[34mSELECT "schema_migrations"."version" FROM "schema_migrations" ORDER BY "schema_migrations"."version" ASC[0m
Migrating to CreateUsers (20170508182545)
  [1m[35m (0.1ms)[0m  [1m[36mbegin transaction[0m
  [1m[35m (0.8ms)[0m  [1m[35mCREATE TABLE "users" ("id" INTEGER PRIMARY KEY AUTOINCREMENT NOT NULL, "email" varchar, "username" varchar, "password" varchar, "created_at" datetime NOT NULL, "updated_at" datetime NOT NULL)[0m
  [1m[35mSQL (0.3ms)[0m  [1m[32mINSERT INTO "schema_migrations" ("version") VALUES (?)[0m  [["version", "20170508182545"]]
  [1m[35m (1.4ms)[0m  [1m[36mcommit transaction[0m
Migrating to CreatePictures (20170508182806)
  [1m[35m (0.1ms)[0m  [1m[36mbegin transaction[0m
  [1m[35m (1.2ms)[0m  [1m[35mCREATE TABLE "pictures" ("id" INTEGER PRIMARY KEY AUTOINCREMENT NOT NULL, "image_url" varchar, "title" varchar, "user_id" integer, "created_at" datetime NOT NULL, "updated_at" datetime NOT NULL)[0m
  [1m[35mSQL (0.2ms)[0m  [1m[32mINSERT INTO "schema_migrations" ("version") VALUES (?)[0m  [["version", "20170508182806"]]
  [1m[35m (0.9ms)[0m  [1m[36mcommit transaction[0m
Migrating to CreateTags (20170508182845)
  [1m[35m (0.1ms)[0m  [1m[36mbegin transaction[0m
  [1m[35m (0.6ms)[0m  [1m[35mCREATE TABLE "tags" ("id" INTEGER PRIMARY KEY AUTOINCREMENT NOT NULL, "name" varchar, "created_at" datetime NOT NULL, "updated_at" datetime NOT NULL)[0m
  [1m[35mSQL (0.2ms)[0m  [1m[32mINSERT INTO "schema_migrations" ("version") VALUES (?)[0m  [["version", "20170508182845"]]
  [1m[35m (0.8ms)[0m  [1m[36mcommit transaction[0m
Migrating to CreatePictureTags (20170508182926)
  [1m[35m (0.1ms)[0m  [1m[36mbegin transaction[0m
  [1m[35m (0.5ms)[0m  [1m[35mCREATE TABLE "picture_tags" ("id" INTEGER PRIMARY KEY AUTOINCREMENT NOT NULL, "picture_id" integer, "tag_id" integer, "created_at" datetime NOT NULL, "updated_at" datetime NOT NULL)[0m
  [1m[35mSQL (0.2ms)[0m  [1m[32mINSERT INTO "schema_migrations" ("version") VALUES (?)[0m  [["version", "20170508182926"]]
  [1m[35m (0.8ms)[0m  [1m[36mcommit transaction[0m
Migrating to CreateComments (20170508183031)
  [1m[35m (0.1ms)[0m  [1m[36mbegin transaction[0m
  [1m[35m (0.5ms)[0m  [1m[35mCREATE TABLE "comments" ("id" INTEGER PRIMARY KEY AUTOINCREMENT NOT NULL, "content" varchar, "user_id" integer, "picture_id" integer, "created_at" datetime NOT NULL, "updated_at" datetime NOT NULL)[0m
  [1m[35mSQL (0.3ms)[0m  [1m[32mINSERT INTO "schema_migrations" ("version") VALUES (?)[0m  [["version", "20170508183031"]]
  [1m[35m (1.1ms)[0m  [1m[36mcommit transaction[0m
  [1m[36mActiveRecord::InternalMetadata Load (0.3ms)[0m  [1m[34mSELECT  "ar_internal_metadata".* FROM "ar_internal_metadata" WHERE "ar_internal_metadata"."key" = ? LIMIT ?[0m  [["key", "environment"], ["LIMIT", 1]]
  [1m[35m (0.1ms)[0m  [1m[36mbegin transaction[0m
  [1m[35mSQL (0.5ms)[0m  [1m[32mINSERT INTO "ar_internal_metadata" ("key", "value", "created_at", "updated_at") VALUES (?, ?, ?, ?)[0m  [["key", "environment"], ["value", "development"], ["created_at", "2017-05-08 20:20:07.861028"], ["updated_at", "2017-05-08 20:20:07.861028"]]
  [1m[35m (0.9ms)[0m  [1m[36mcommit transaction[0m
  [1m[35m (0.4ms)[0m  [1m[34mSELECT "schema_migrations"."version" FROM "schema_migrations" ORDER BY "schema_migrations"."version" ASC[0m
  [1m[35m (0.2ms)[0m  [1m[34mSELECT "schema_migrations"."version" FROM "schema_migrations" ORDER BY "schema_migrations"."version" ASC[0m
  [1m[35m (0.6ms)[0m  [1m[34mSELECT "schema_migrations"."version" FROM "schema_migrations" ORDER BY "schema_migrations"."version" ASC[0m
  [1m[35m (0.6ms)[0m  [1m[34mSELECT "schema_migrations"."version" FROM "schema_migrations" ORDER BY "schema_migrations"."version" ASC[0m
  [1m[36mPicture Load (0.8ms)[0m  [1m[34mSELECT  "pictures".* FROM "pictures" ORDER BY "pictures"."id" ASC LIMIT ?[0m  [["LIMIT", 1]]
  [1m[35m (0.7ms)[0m  [1m[34mSELECT "schema_migrations"."version" FROM "schema_migrations" ORDER BY "schema_migrations"."version" ASC[0m
  [1m[35m (0.1ms)[0m  [1m[36mbegin transaction[0m
  [1m[35mSQL (1.6ms)[0m  [1m[32mINSERT INTO "users" ("email", "username", "password", "created_at", "updated_at") VALUES (?, ?, ?, ?, ?)[0m  [["email", "user1@example.com"], ["username", "user1"], ["password", "test123"], ["created_at", "2017-05-08 20:26:33.284890"], ["updated_at", "2017-05-08 20:26:33.284890"]]
  [1m[35m (2.8ms)[0m  [1m[36mcommit transaction[0m
  [1m[35m (0.1ms)[0m  [1m[36mbegin transaction[0m
  [1m[35mSQL (0.4ms)[0m  [1m[32mINSERT INTO "users" ("email", "username", "password", "created_at", "updated_at") VALUES (?, ?, ?, ?, ?)[0m  [["email", "user2@example.com"], ["username", "user2"], ["password", "test123"], ["created_at", "2017-05-08 20:26:33.292824"], ["updated_at", "2017-05-08 20:26:33.292824"]]
  [1m[35m (1.0ms)[0m  [1m[36mcommit transaction[0m
  [1m[35m (0.1ms)[0m  [1m[36mbegin transaction[0m
  [1m[35mSQL (0.5ms)[0m  [1m[32mINSERT INTO "users" ("email", "username", "password", "created_at", "updated_at") VALUES (?, ?, ?, ?, ?)[0m  [["email", "user3@example.com"], ["username", "user3"], ["password", "test123"], ["created_at", "2017-05-08 20:26:33.296759"], ["updated_at", "2017-05-08 20:26:33.296759"]]
  [1m[35m (1.0ms)[0m  [1m[36mcommit transaction[0m
  [1m[35m (0.1ms)[0m  [1m[36mbegin transaction[0m
  [1m[35mSQL (1.0ms)[0m  [1m[32mINSERT INTO "tags" ("name", "created_at", "updated_at") VALUES (?, ?, ?)[0m  [["name", "Nature"], ["created_at", "2017-05-08 20:26:33.316189"], ["updated_at", "2017-05-08 20:26:33.316189"]]
  [1m[35m (1.3ms)[0m  [1m[36mcommit transaction[0m
  [1m[35m (0.5ms)[0m  [1m[36mbegin transaction[0m
  [1m[35mSQL (0.4ms)[0m  [1m[32mINSERT INTO "tags" ("name", "created_at", "updated_at") VALUES (?, ?, ?)[0m  [["name", "NYC"], ["created_at", "2017-05-08 20:26:33.321265"], ["updated_at", "2017-05-08 20:26:33.321265"]]
  [1m[35m (1.0ms)[0m  [1m[36mcommit transaction[0m
  [1m[35m (0.1ms)[0m  [1m[36mbegin transaction[0m
  [1m[35mSQL (0.5ms)[0m  [1m[32mINSERT INTO "tags" ("name", "created_at", "updated_at") VALUES (?, ?, ?)[0m  [["name", "Art"], ["created_at", "2017-05-08 20:26:33.325008"], ["updated_at", "2017-05-08 20:26:33.325008"]]
  [1m[35m (1.1ms)[0m  [1m[36mcommit transaction[0m
  [1m[35m (0.1ms)[0m  [1m[36mbegin transaction[0m
  [1m[35mSQL (0.4ms)[0m  [1m[32mINSERT INTO "tags" ("name", "created_at", "updated_at") VALUES (?, ?, ?)[0m  [["name", "Humor"], ["created_at", "2017-05-08 20:26:33.329286"], ["updated_at", "2017-05-08 20:26:33.329286"]]
  [1m[35m (1.0ms)[0m  [1m[36mcommit transaction[0m
  [1m[36mUser Load (0.4ms)[0m  [1m[34mSELECT  "users".* FROM "users" ORDER BY "users"."id" ASC LIMIT ?[0m  [["LIMIT", 1]]
  [1m[35m (0.1ms)[0m  [1m[36mbegin transaction[0m
  [1m[36mUser Load (0.2ms)[0m  [1m[34mSELECT  "users".* FROM "users" WHERE "users"."id" = ? LIMIT ?[0m  [["id", 1], ["LIMIT", 1]]
  [1m[35mSQL (0.8ms)[0m  [1m[32mINSERT INTO "pictures" ("image_url", "title", "user_id", "created_at", "updated_at") VALUES (?, ?, ?, ?, ?)[0m  [["image_url", "http://www.defenders.org/sites/default/files/styles/large/public/dolphin-kristian-sekulic-isp.jpg"], ["title", "Saw a dolphin!"], ["user_id", 1], ["created_at", "2017-05-08 20:26:33.391479"], ["updated_at", "2017-05-08 20:26:33.391479"]]
  [1m[35m (1.0ms)[0m  [1m[36mcommit transaction[0m
  [1m[36mUser Load (0.2ms)[0m  [1m[34mSELECT  "users".* FROM "users" ORDER BY "users"."id" ASC LIMIT ?[0m  [["LIMIT", 1]]
  [1m[35m (0.1ms)[0m  [1m[36mbegin transaction[0m
  [1m[36mUser Load (0.1ms)[0m  [1m[34mSELECT  "users".* FROM "users" WHERE "users"."id" = ? LIMIT ?[0m  [["id", 1], ["LIMIT", 1]]
  [1m[35mSQL (0.5ms)[0m  [1m[32mINSERT INTO "pictures" ("image_url", "title", "user_id", "created_at", "updated_at") VALUES (?, ?, ?, ?, ?)[0m  [["image_url", "https://upload.wikimedia.org/wikipedia/commons/thumb/5/57/Water_buffaloes_in_Wuyishan_Wufu_2012.08.24_15-46-30.jpg/1024px-Water_buffaloes_in_Wuyishan_Wufu_2012.08.24_15-46-30.jpg"], ["title", "Saw a dolphin!"], ["user_id", 1], ["created_at", "2017-05-08 20:26:33.399050"], ["updated_at", "2017-05-08 20:26:33.399050"]]
  [1m[35m (1.1ms)[0m  [1m[36mcommit transaction[0m
  [1m[36mPicture Load (0.8ms)[0m  [1m[34mSELECT  "pictures".* FROM "pictures" ORDER BY "pictures"."id" ASC LIMIT ?[0m  [["LIMIT", 1]]
  [1m[36mTag Load (0.3ms)[0m  [1m[34mSELECT  "tags".* FROM "tags" INNER JOIN "picture_tags" ON "tags"."id" = "picture_tags"."tag_id" WHERE "picture_tags"."picture_id" = ? LIMIT ?[0m  [["picture_id", 1], ["LIMIT", 11]]
  [1m[36mPicture Load (0.3ms)[0m  [1m[34mSELECT  "pictures".* FROM "pictures" ORDER BY "pictures"."id" DESC LIMIT ?[0m  [["LIMIT", 1]]
  [1m[36mTag Load (0.4ms)[0m  [1m[34mSELECT  "tags".* FROM "tags" ORDER BY "tags"."id" DESC LIMIT ?[0m  [["LIMIT", 1]]
  [1m[36mTag Load (0.3ms)[0m  [1m[34mSELECT  "tags".* FROM "tags" ORDER BY "tags"."id" DESC LIMIT ?[0m  [["LIMIT", 1]]
  [1m[35m (0.1ms)[0m  [1m[36mbegin transaction[0m
  [1m[35mSQL (0.7ms)[0m  [1m[32mINSERT INTO "picture_tags" ("picture_id", "tag_id", "created_at", "updated_at") VALUES (?, ?, ?, ?)[0m  [["picture_id", 2], ["tag_id", 4], ["created_at", "2017-05-08 20:28:16.551933"], ["updated_at", "2017-05-08 20:28:16.551933"]]
  [1m[35m (1.1ms)[0m  [1m[36mcommit transaction[0m
  [1m[36mTag Load (0.4ms)[0m  [1m[34mSELECT  "tags".* FROM "tags" INNER JOIN "picture_tags" ON "tags"."id" = "picture_tags"."tag_id" WHERE "picture_tags"."picture_id" = ? LIMIT ?[0m  [["picture_id", 2], ["LIMIT", 11]]
  [1m[36mTag Load (0.3ms)[0m  [1m[34mSELECT  "tags".* FROM "tags" INNER JOIN "picture_tags" ON "tags"."id" = "picture_tags"."tag_id" WHERE "picture_tags"."picture_id" = ? LIMIT ?[0m  [["picture_id", 2], ["LIMIT", 11]]
  [1m[35m (0.6ms)[0m  [1m[34mSELECT "schema_migrations"."version" FROM "schema_migrations" ORDER BY "schema_migrations"."version" ASC[0m
  [1m[35m (0.1ms)[0m  [1m[36mbegin transaction[0m
  [1m[35mSQL (1.4ms)[0m  [1m[32mINSERT INTO "users" ("email", "username", "password", "created_at", "updated_at") VALUES (?, ?, ?, ?, ?)[0m  [["email", "user1@example.com"], ["username", "user1"], ["password", "test123"], ["created_at", "2017-05-08 20:29:42.618864"], ["updated_at", "2017-05-08 20:29:42.618864"]]
  [1m[35m (1.8ms)[0m  [1m[36mcommit transaction[0m
  [1m[35m (0.1ms)[0m  [1m[36mbegin transaction[0m
  [1m[35mSQL (0.4ms)[0m  [1m[32mINSERT INTO "users" ("email", "username", "password", "created_at", "updated_at") VALUES (?, ?, ?, ?, ?)[0m  [["email", "user2@example.com"], ["username", "user2"], ["password", "test123"], ["created_at", "2017-05-08 20:29:42.626171"], ["updated_at", "2017-05-08 20:29:42.626171"]]
  [1m[35m (0.9ms)[0m  [1m[36mcommit transaction[0m
  [1m[35m (0.1ms)[0m  [1m[36mbegin transaction[0m
  [1m[35mSQL (0.5ms)[0m  [1m[32mINSERT INTO "users" ("email", "username", "password", "created_at", "updated_at") VALUES (?, ?, ?, ?, ?)[0m  [["email", "user3@example.com"], ["username", "user3"], ["password", "test123"], ["created_at", "2017-05-08 20:29:42.629851"], ["updated_at", "2017-05-08 20:29:42.629851"]]
  [1m[35m (1.0ms)[0m  [1m[36mcommit transaction[0m
  [1m[35m (0.1ms)[0m  [1m[36mbegin transaction[0m
  [1m[35mSQL (2.0ms)[0m  [1m[32mINSERT INTO "tags" ("name", "created_at", "updated_at") VALUES (?, ?, ?)[0m  [["name", "Nature"], ["created_at", "2017-05-08 20:29:42.651980"], ["updated_at", "2017-05-08 20:29:42.651980"]]
  [1m[35m (1.2ms)[0m  [1m[36mcommit transaction[0m
  [1m[35m (0.1ms)[0m  [1m[36mbegin transaction[0m
  [1m[35mSQL (0.4ms)[0m  [1m[32mINSERT INTO "tags" ("name", "created_at", "updated_at") VALUES (?, ?, ?)[0m  [["name", "NYC"], ["created_at", "2017-05-08 20:29:42.658350"], ["updated_at", "2017-05-08 20:29:42.658350"]]
  [1m[35m (0.9ms)[0m  [1m[36mcommit transaction[0m
  [1m[35m (0.1ms)[0m  [1m[36mbegin transaction[0m
  [1m[35mSQL (0.4ms)[0m  [1m[32mINSERT INTO "tags" ("name", "created_at", "updated_at") VALUES (?, ?, ?)[0m  [["name", "Art"], ["created_at", "2017-05-08 20:29:42.662024"], ["updated_at", "2017-05-08 20:29:42.662024"]]
  [1m[35m (1.0ms)[0m  [1m[36mcommit transaction[0m
  [1m[35m (0.1ms)[0m  [1m[36mbegin transaction[0m
  [1m[35mSQL (1.0ms)[0m  [1m[32mINSERT INTO "tags" ("name", "created_at", "updated_at") VALUES (?, ?, ?)[0m  [["name", "Humor"], ["created_at", "2017-05-08 20:29:42.665930"], ["updated_at", "2017-05-08 20:29:42.665930"]]
  [1m[35m (0.9ms)[0m  [1m[36mcommit transaction[0m
  [1m[36mUser Load (0.2ms)[0m  [1m[34mSELECT  "users".* FROM "users" ORDER BY "users"."id" ASC LIMIT ?[0m  [["LIMIT", 1]]
  [1m[35m (0.1ms)[0m  [1m[36mbegin transaction[0m
  [1m[36mUser Load (0.3ms)[0m  [1m[34mSELECT  "users".* FROM "users" WHERE "users"."id" = ? LIMIT ?[0m  [["id", 1], ["LIMIT", 1]]
  [1m[35mSQL (1.1ms)[0m  [1m[32mINSERT INTO "pictures" ("image_url", "title", "user_id", "created_at", "updated_at") VALUES (?, ?, ?, ?, ?)[0m  [["image_url", "http://www.defenders.org/sites/default/files/styles/large/public/dolphin-kristian-sekulic-isp.jpg"], ["title", "Saw a dolphin!"], ["user_id", 1], ["created_at", "2017-05-08 20:29:42.731229"], ["updated_at", "2017-05-08 20:29:42.731229"]]
  [1m[35m (1.1ms)[0m  [1m[36mcommit transaction[0m
  [1m[36mUser Load (0.2ms)[0m  [1m[34mSELECT  "users".* FROM "users" ORDER BY "users"."id" ASC LIMIT ?[0m  [["LIMIT", 1]]
  [1m[35m (0.1ms)[0m  [1m[36mbegin transaction[0m
  [1m[36mUser Load (0.1ms)[0m  [1m[34mSELECT  "users".* FROM "users" WHERE "users"."id" = ? LIMIT ?[0m  [["id", 1], ["LIMIT", 1]]
  [1m[35mSQL (0.4ms)[0m  [1m[32mINSERT INTO "pictures" ("image_url", "title", "user_id", "created_at", "updated_at") VALUES (?, ?, ?, ?, ?)[0m  [["image_url", "https://upload.wikimedia.org/wikipedia/commons/thumb/5/57/Water_buffaloes_in_Wuyishan_Wufu_2012.08.24_15-46-30.jpg/1024px-Water_buffaloes_in_Wuyishan_Wufu_2012.08.24_15-46-30.jpg"], ["title", "Saw a dolphin!"], ["user_id", 1], ["created_at", "2017-05-08 20:29:42.746396"], ["updated_at", "2017-05-08 20:29:42.746396"]]
  [1m[35m (0.9ms)[0m  [1m[36mcommit transaction[0m
  [1m[36mPicture Load (0.3ms)[0m  [1m[34mSELECT  "pictures".* FROM "pictures" ORDER BY "pictures"."id" DESC LIMIT ?[0m  [["LIMIT", 1]]
  [1m[36mTag Load (0.3ms)[0m  [1m[34mSELECT  "tags".* FROM "tags" ORDER BY "tags"."id" ASC LIMIT ? OFFSET ?[0m  [["LIMIT", 1], ["OFFSET", 1]]
  [1m[35m (0.1ms)[0m  [1m[36mbegin transaction[0m
  [1m[35mSQL (0.8ms)[0m  [1m[32mINSERT INTO "picture_tags" ("picture_id", "tag_id", "created_at", "updated_at") VALUES (?, ?, ?, ?)[0m  [["picture_id", 4], ["tag_id", 2], ["created_at", "2017-05-08 20:29:42.793419"], ["updated_at", "2017-05-08 20:29:42.793419"]]
  [1m[35m (0.8ms)[0m  [1m[36mcommit transaction[0m
  [1m[35m (1.0ms)[0m  [1m[34mSELECT  COUNT("picture_tags"."id") AS count_id, "picture_tags"."tag_id" AS picture_tags_tag_id FROM "picture_tags" GROUP BY "picture_tags"."tag_id" ORDER BY count_id LIMIT ?[0m  [["LIMIT", 3]]
  [1m[36mPicture Load (0.6ms)[0m  [1m[34mSELECT  "pictures".* FROM "pictures" ORDER BY "pictures"."id" ASC LIMIT ?[0m  [["LIMIT", 1]]
  [1m[36mPicture Load (0.3ms)[0m  [1m[34mSELECT  "pictures".* FROM "pictures" ORDER BY "pictures"."id" ASC LIMIT ?[0m  [["LIMIT", 1]]
  [1m[36mTag Load (0.3ms)[0m  [1m[34mSELECT  "tags".* FROM "tags" INNER JOIN "picture_tags" ON "tags"."id" = "picture_tags"."tag_id" WHERE "picture_tags"."picture_id" = ? LIMIT ?[0m  [["picture_id", 1], ["LIMIT", 11]]
  [1m[36mPicture Load (0.6ms)[0m  [1m[34mSELECT  "pictures".* FROM "pictures" ORDER BY "pictures"."id" DESC LIMIT ?[0m  [["LIMIT", 1]]
  [1m[36mTag Load (0.2ms)[0m  [1m[34mSELECT  "tags".* FROM "tags" INNER JOIN "picture_tags" ON "tags"."id" = "picture_tags"."tag_id" WHERE "picture_tags"."picture_id" = ? LIMIT ?[0m  [["picture_id", 4], ["LIMIT", 11]]
  [1m[36mPicture Load (0.4ms)[0m  [1m[34mSELECT  "pictures".* FROM "pictures" ORDER BY "pictures"."id" ASC LIMIT ?[0m  [["LIMIT", 1]]
  [1m[36mPicture Load (0.7ms)[0m  [1m[34mSELECT  "pictures".* FROM "pictures" ORDER BY "pictures"."id" ASC LIMIT ? OFFSET ?[0m  [["LIMIT", 1], ["OFFSET", 1]]
  [1m[36mPicture Load (0.7ms)[0m  [1m[34mSELECT  "pictures".* FROM "pictures" ORDER BY "pictures"."id" DESC LIMIT ?[0m  [["LIMIT", 1]]
  [1m[36mTag Load (0.3ms)[0m  [1m[34mSELECT  "tags".* FROM "tags" ORDER BY "tags"."id" ASC LIMIT ?[0m  [["LIMIT", 1]]
  [1m[35m (0.2ms)[0m  [1m[36mbegin transaction[0m
  [1m[35mSQL (0.6ms)[0m  [1m[32mINSERT INTO "picture_tags" ("picture_id", "tag_id", "created_at", "updated_at") VALUES (?, ?, ?, ?)[0m  [["picture_id", 1], ["tag_id", 1], ["created_at", "2017-05-08 20:48:52.334735"], ["updated_at", "2017-05-08 20:48:52.334735"]]
  [1m[35m (5.5ms)[0m  [1m[36mcommit transaction[0m
  [1m[36mTag Load (0.4ms)[0m  [1m[34mSELECT  "tags".* FROM "tags" INNER JOIN "picture_tags" ON "tags"."id" = "picture_tags"."tag_id" WHERE "picture_tags"."picture_id" = ? LIMIT ?[0m  [["picture_id", 1], ["LIMIT", 11]]
  [1m[36mTag Load (0.5ms)[0m  [1m[34mSELECT  "tags".* FROM "tags" ORDER BY "tags"."id" ASC LIMIT ? OFFSET ?[0m  [["LIMIT", 1], ["OFFSET", 1]]
  [1m[35m (0.1ms)[0m  [1m[36mbegin transaction[0m
  [1m[35mSQL (0.6ms)[0m  [1m[32mINSERT INTO "picture_tags" ("picture_id", "tag_id", "created_at", "updated_at") VALUES (?, ?, ?, ?)[0m  [["picture_id", 2], ["tag_id", 2], ["created_at", "2017-05-08 20:49:17.357479"], ["updated_at", "2017-05-08 20:49:17.357479"]]
  [1m[35m (1.4ms)[0m  [1m[36mcommit transaction[0m
  [1m[36mTag Load (0.2ms)[0m  [1m[34mSELECT  "tags".* FROM "tags" INNER JOIN "picture_tags" ON "tags"."id" = "picture_tags"."tag_id" WHERE "picture_tags"."picture_id" = ? LIMIT ?[0m  [["picture_id", 2], ["LIMIT", 11]]
  [1m[35m (1.7ms)[0m  [1m[34mSELECT  COUNT("picture_tags"."id") AS count_id, "picture_tags"."tag_id" AS picture_tags_tag_id FROM "picture_tags" GROUP BY "picture_tags"."tag_id" ORDER BY count_id LIMIT ?[0m  [["LIMIT", 1]]
  [1m[36mTag Load (0.3ms)[0m  [1m[34mSELECT  "tags".* FROM "tags" ORDER BY "tags"."id" ASC LIMIT ?[0m  [["LIMIT", 1]]
  [1m[35m (0.1ms)[0m  [1m[36mbegin transaction[0m
  [1m[35mSQL (1.1ms)[0m  [1m[32mINSERT INTO "picture_tags" ("picture_id", "tag_id", "created_at", "updated_at") VALUES (?, ?, ?, ?)[0m  [["picture_id", 2], ["tag_id", 1], ["created_at", "2017-05-08 20:50:32.439733"], ["updated_at", "2017-05-08 20:50:32.439733"]]
  [1m[35m (3.8ms)[0m  [1m[36mcommit transaction[0m
  [1m[36mTag Load (0.3ms)[0m  [1m[34mSELECT  "tags".* FROM "tags" INNER JOIN "picture_tags" ON "tags"."id" = "picture_tags"."tag_id" WHERE "picture_tags"."picture_id" = ? LIMIT ?[0m  [["picture_id", 2], ["LIMIT", 11]]
  [1m[36mTag Load (0.5ms)[0m  [1m[34mSELECT  "tags".* FROM "tags" ORDER BY "tags"."id" ASC LIMIT ?[0m  [["LIMIT", 1]]
  [1m[35m (0.1ms)[0m  [1m[36mbegin transaction[0m
  [1m[35mSQL (0.6ms)[0m  [1m[32mINSERT INTO "picture_tags" ("picture_id", "tag_id", "created_at", "updated_at") VALUES (?, ?, ?, ?)[0m  [["picture_id", 4], ["tag_id", 1], ["created_at", "2017-05-08 20:50:41.600902"], ["updated_at", "2017-05-08 20:50:41.600902"]]
  [1m[35m (7.3ms)[0m  [1m[36mcommit transaction[0m
  [1m[36mTag Load (0.2ms)[0m  [1m[34mSELECT  "tags".* FROM "tags" INNER JOIN "picture_tags" ON "tags"."id" = "picture_tags"."tag_id" WHERE "picture_tags"."picture_id" = ? LIMIT ?[0m  [["picture_id", 4], ["LIMIT", 11]]
  [1m[35m (0.7ms)[0m  [1m[34mSELECT  COUNT("picture_tags"."id") AS count_id, "picture_tags"."tag_id" AS picture_tags_tag_id FROM "picture_tags" GROUP BY "picture_tags"."tag_id" ORDER BY count_id LIMIT ?[0m  [["LIMIT", 1]]
  [1m[36mTag Load (0.3ms)[0m  [1m[34mSELECT  "tags".* FROM "tags" ORDER BY "tags"."id" ASC LIMIT ?[0m  [["LIMIT", 1]]
  [1m[35m (0.1ms)[0m  [1m[36mbegin transaction[0m
  [1m[35mSQL (1.5ms)[0m  [1m[32mINSERT INTO "picture_tags" ("picture_id", "tag_id", "created_at", "updated_at") VALUES (?, ?, ?, ?)[0m  [["picture_id", 4], ["tag_id", 1], ["created_at", "2017-05-08 20:51:51.479924"], ["updated_at", "2017-05-08 20:51:51.479924"]]
  [1m[35m (1.0ms)[0m  [1m[36mcommit transaction[0m
  [1m[36mTag Load (0.3ms)[0m  [1m[34mSELECT  "tags".* FROM "tags" INNER JOIN "picture_tags" ON "tags"."id" = "picture_tags"."tag_id" WHERE "picture_tags"."picture_id" = ? LIMIT ?[0m  [["picture_id", 4], ["LIMIT", 11]]
  [1m[35m (1.0ms)[0m  [1m[34mSELECT  COUNT("picture_tags"."id") AS count_id, "picture_tags"."tag_id" AS picture_tags_tag_id FROM "picture_tags" GROUP BY "picture_tags"."tag_id" ORDER BY count_id LIMIT ?[0m  [["LIMIT", 1]]
  [1m[36mTag Load (0.3ms)[0m  [1m[34mSELECT  "tags".* FROM "tags" ORDER BY "tags"."id" ASC LIMIT ?[0m  [["LIMIT", 1]]
  [1m[35m (0.1ms)[0m  [1m[36mbegin transaction[0m
  [1m[35mSQL (0.5ms)[0m  [1m[32mINSERT INTO "picture_tags" ("picture_id", "tag_id", "created_at", "updated_at") VALUES (?, ?, ?, ?)[0m  [["picture_id", 2], ["tag_id", 1], ["created_at", "2017-05-08 20:52:01.002474"], ["updated_at", "2017-05-08 20:52:01.002474"]]
  [1m[35m (9.2ms)[0m  [1m[36mcommit transaction[0m
  [1m[36mTag Load (0.4ms)[0m  [1m[34mSELECT  "tags".* FROM "tags" INNER JOIN "picture_tags" ON "tags"."id" = "picture_tags"."tag_id" WHERE "picture_tags"."picture_id" = ? LIMIT ?[0m  [["picture_id", 2], ["LIMIT", 11]]
  [1m[35m (0.6ms)[0m  [1m[34mSELECT  COUNT("picture_tags"."id") AS count_id, "picture_tags"."tag_id" AS picture_tags_tag_id FROM "picture_tags" GROUP BY "picture_tags"."tag_id" ORDER BY count_id LIMIT ?[0m  [["LIMIT", 1]]
  [1m[36mPicture Load (0.3ms)[0m  [1m[34mSELECT  "pictures".* FROM "pictures" ORDER BY "pictures"."id" DESC LIMIT ?[0m  [["LIMIT", 1]]
  [1m[36mTag Load (0.2ms)[0m  [1m[34mSELECT  "tags".* FROM "tags" ORDER BY "tags"."id" ASC LIMIT ?[0m  [["LIMIT", 1]]
  [1m[35m (0.1ms)[0m  [1m[36mbegin transaction[0m
  [1m[35mSQL (0.4ms)[0m  [1m[32mINSERT INTO "picture_tags" ("picture_id", "tag_id", "created_at", "updated_at") VALUES (?, ?, ?, ?)[0m  [["picture_id", 4], ["tag_id", 1], ["created_at", "2017-05-08 20:52:30.584279"], ["updated_at", "2017-05-08 20:52:30.584279"]]
  [1m[35m (8.1ms)[0m  [1m[36mcommit transaction[0m
  [1m[36mTag Load (0.3ms)[0m  [1m[34mSELECT  "tags".* FROM "tags" INNER JOIN "picture_tags" ON "tags"."id" = "picture_tags"."tag_id" WHERE "picture_tags"."picture_id" = ? LIMIT ?[0m  [["picture_id", 4], ["LIMIT", 11]]
  [1m[35m (0.5ms)[0m  [1m[34mSELECT  COUNT("picture_tags"."id") AS count_id, "picture_tags"."tag_id" AS picture_tags_tag_id FROM "picture_tags" GROUP BY "picture_tags"."tag_id" ORDER BY count_id LIMIT ?[0m  [["LIMIT", 1]]
  [1m[36mTag Load (2.6ms)[0m  [1m[34mSELECT "tags".* FROM "tags"[0m
  [1m[36mPicture Load (0.5ms)[0m  [1m[34mSELECT "pictures".* FROM "pictures" INNER JOIN "picture_tags" ON "pictures"."id" = "picture_tags"."picture_id" WHERE "picture_tags"."tag_id" = ?[0m  [["tag_id", 1]]
  [1m[36mPicture Load (0.2ms)[0m  [1m[34mSELECT "pictures".* FROM "pictures" INNER JOIN "picture_tags" ON "pictures"."id" = "picture_tags"."picture_id" WHERE "picture_tags"."tag_id" = ?[0m  [["tag_id", 2]]
  [1m[36mPicture Load (0.2ms)[0m  [1m[34mSELECT "pictures".* FROM "pictures" INNER JOIN "picture_tags" ON "pictures"."id" = "picture_tags"."picture_id" WHERE "picture_tags"."tag_id" = ?[0m  [["tag_id", 3]]
  [1m[36mPicture Load (0.1ms)[0m  [1m[34mSELECT "pictures".* FROM "pictures" INNER JOIN "picture_tags" ON "pictures"."id" = "picture_tags"."picture_id" WHERE "picture_tags"."tag_id" = ?[0m  [["tag_id", 4]]
  [1m[36mPicture Load (0.1ms)[0m  [1m[34mSELECT "pictures".* FROM "pictures" INNER JOIN "picture_tags" ON "pictures"."id" = "picture_tags"."picture_id" WHERE "picture_tags"."tag_id" = ?[0m  [["tag_id", 5]]
  [1m[36mPicture Load (0.1ms)[0m  [1m[34mSELECT "pictures".* FROM "pictures" INNER JOIN "picture_tags" ON "pictures"."id" = "picture_tags"."picture_id" WHERE "picture_tags"."tag_id" = ?[0m  [["tag_id", 6]]
  [1m[36mPicture Load (0.1ms)[0m  [1m[34mSELECT "pictures".* FROM "pictures" INNER JOIN "picture_tags" ON "pictures"."id" = "picture_tags"."picture_id" WHERE "picture_tags"."tag_id" = ?[0m  [["tag_id", 7]]
  [1m[36mPicture Load (0.1ms)[0m  [1m[34mSELECT "pictures".* FROM "pictures" INNER JOIN "picture_tags" ON "pictures"."id" = "picture_tags"."picture_id" WHERE "picture_tags"."tag_id" = ?[0m  [["tag_id", 8]]
  [1m[36mTag Load (2.3ms)[0m  [1m[34mSELECT "tags".* FROM "tags"[0m
  [1m[36mPicture Load (0.4ms)[0m  [1m[34mSELECT "pictures".* FROM "pictures" INNER JOIN "picture_tags" ON "pictures"."id" = "picture_tags"."picture_id" WHERE "picture_tags"."tag_id" = ?[0m  [["tag_id", 1]]
  [1m[36mPicture Load (0.2ms)[0m  [1m[34mSELECT "pictures".* FROM "pictures" INNER JOIN "picture_tags" ON "pictures"."id" = "picture_tags"."picture_id" WHERE "picture_tags"."tag_id" = ?[0m  [["tag_id", 2]]
  [1m[36mPicture Load (0.1ms)[0m  [1m[34mSELECT "pictures".* FROM "pictures" INNER JOIN "picture_tags" ON "pictures"."id" = "picture_tags"."picture_id" WHERE "picture_tags"."tag_id" = ?[0m  [["tag_id", 3]]
  [1m[36mPicture Load (0.4ms)[0m  [1m[34mSELECT "pictures".* FROM "pictures" INNER JOIN "picture_tags" ON "pictures"."id" = "picture_tags"."picture_id" WHERE "picture_tags"."tag_id" = ?[0m  [["tag_id", 4]]
  [1m[36mPicture Load (0.1ms)[0m  [1m[34mSELECT "pictures".* FROM "pictures" INNER JOIN "picture_tags" ON "pictures"."id" = "picture_tags"."picture_id" WHERE "picture_tags"."tag_id" = ?[0m  [["tag_id", 5]]
  [1m[36mPicture Load (0.1ms)[0m  [1m[34mSELECT "pictures".* FROM "pictures" INNER JOIN "picture_tags" ON "pictures"."id" = "picture_tags"."picture_id" WHERE "picture_tags"."tag_id" = ?[0m  [["tag_id", 6]]
  [1m[36mPicture Load (0.1ms)[0m  [1m[34mSELECT "pictures".* FROM "pictures" INNER JOIN "picture_tags" ON "pictures"."id" = "picture_tags"."picture_id" WHERE "picture_tags"."tag_id" = ?[0m  [["tag_id", 7]]
  [1m[36mPicture Load (0.1ms)[0m  [1m[34mSELECT "pictures".* FROM "pictures" INNER JOIN "picture_tags" ON "pictures"."id" = "picture_tags"."picture_id" WHERE "picture_tags"."tag_id" = ?[0m  [["tag_id", 8]]
  [1m[36mTag Load (2.1ms)[0m  [1m[34mSELECT "tags".* FROM "tags"[0m
  [1m[36mPicture Load (0.6ms)[0m  [1m[34mSELECT "pictures".* FROM "pictures" INNER JOIN "picture_tags" ON "pictures"."id" = "picture_tags"."picture_id" WHERE "picture_tags"."tag_id" = ?[0m  [["tag_id", 1]]
  [1m[36mPicture Load (0.2ms)[0m  [1m[34mSELECT "pictures".* FROM "pictures" INNER JOIN "picture_tags" ON "pictures"."id" = "picture_tags"."picture_id" WHERE "picture_tags"."tag_id" = ?[0m  [["tag_id", 2]]
  [1m[36mPicture Load (0.1ms)[0m  [1m[34mSELECT "pictures".* FROM "pictures" INNER JOIN "picture_tags" ON "pictures"."id" = "picture_tags"."picture_id" WHERE "picture_tags"."tag_id" = ?[0m  [["tag_id", 3]]
  [1m[36mPicture Load (0.2ms)[0m  [1m[34mSELECT "pictures".* FROM "pictures" INNER JOIN "picture_tags" ON "pictures"."id" = "picture_tags"."picture_id" WHERE "picture_tags"."tag_id" = ?[0m  [["tag_id", 4]]
  [1m[36mPicture Load (0.1ms)[0m  [1m[34mSELECT "pictures".* FROM "pictures" INNER JOIN "picture_tags" ON "pictures"."id" = "picture_tags"."picture_id" WHERE "picture_tags"."tag_id" = ?[0m  [["tag_id", 5]]
  [1m[36mPicture Load (0.1ms)[0m  [1m[34mSELECT "pictures".* FROM "pictures" INNER JOIN "picture_tags" ON "pictures"."id" = "picture_tags"."picture_id" WHERE "picture_tags"."tag_id" = ?[0m  [["tag_id", 6]]
  [1m[36mPicture Load (0.1ms)[0m  [1m[34mSELECT "pictures".* FROM "pictures" INNER JOIN "picture_tags" ON "pictures"."id" = "picture_tags"."picture_id" WHERE "picture_tags"."tag_id" = ?[0m  [["tag_id", 7]]
  [1m[36mPicture Load (0.1ms)[0m  [1m[34mSELECT "pictures".* FROM "pictures" INNER JOIN "picture_tags" ON "pictures"."id" = "picture_tags"."picture_id" WHERE "picture_tags"."tag_id" = ?[0m  [["tag_id", 8]]
  [1m[36mTag Load (3.3ms)[0m  [1m[34mSELECT "tags".* FROM "tags"[0m
  [1m[36mPicture Load (0.6ms)[0m  [1m[34mSELECT "pictures".* FROM "pictures" INNER JOIN "picture_tags" ON "pictures"."id" = "picture_tags"."picture_id" WHERE "picture_tags"."tag_id" = ?[0m  [["tag_id", 1]]
  [1m[36mPicture Load (0.2ms)[0m  [1m[34mSELECT "pictures".* FROM "pictures" INNER JOIN "picture_tags" ON "pictures"."id" = "picture_tags"."picture_id" WHERE "picture_tags"."tag_id" = ?[0m  [["tag_id", 2]]
  [1m[36mPicture Load (0.1ms)[0m  [1m[34mSELECT "pictures".* FROM "pictures" INNER JOIN "picture_tags" ON "pictures"."id" = "picture_tags"."picture_id" WHERE "picture_tags"."tag_id" = ?[0m  [["tag_id", 3]]
  [1m[36mPicture Load (0.1ms)[0m  [1m[34mSELECT "pictures".* FROM "pictures" INNER JOIN "picture_tags" ON "pictures"."id" = "picture_tags"."picture_id" WHERE "picture_tags"."tag_id" = ?[0m  [["tag_id", 4]]
  [1m[36mPicture Load (0.1ms)[0m  [1m[34mSELECT "pictures".* FROM "pictures" INNER JOIN "picture_tags" ON "pictures"."id" = "picture_tags"."picture_id" WHERE "picture_tags"."tag_id" = ?[0m  [["tag_id", 5]]
  [1m[36mPicture Load (0.1ms)[0m  [1m[34mSELECT "pictures".* FROM "pictures" INNER JOIN "picture_tags" ON "pictures"."id" = "picture_tags"."picture_id" WHERE "picture_tags"."tag_id" = ?[0m  [["tag_id", 6]]
  [1m[36mPicture Load (0.1ms)[0m  [1m[34mSELECT "pictures".* FROM "pictures" INNER JOIN "picture_tags" ON "pictures"."id" = "picture_tags"."picture_id" WHERE "picture_tags"."tag_id" = ?[0m  [["tag_id", 7]]
  [1m[36mPicture Load (0.1ms)[0m  [1m[34mSELECT "pictures".* FROM "pictures" INNER JOIN "picture_tags" ON "pictures"."id" = "picture_tags"."picture_id" WHERE "picture_tags"."tag_id" = ?[0m  [["tag_id", 8]]
  [1m[36mTag Load (2.0ms)[0m  [1m[34mSELECT "tags".* FROM "tags"[0m
  [1m[36mPicture Load (0.4ms)[0m  [1m[34mSELECT "pictures".* FROM "pictures" INNER JOIN "picture_tags" ON "pictures"."id" = "picture_tags"."picture_id" WHERE "picture_tags"."tag_id" = ?[0m  [["tag_id", 1]]
  [1m[36mPicture Load (0.2ms)[0m  [1m[34mSELECT "pictures".* FROM "pictures" INNER JOIN "picture_tags" ON "pictures"."id" = "picture_tags"."picture_id" WHERE "picture_tags"."tag_id" = ?[0m  [["tag_id", 2]]
  [1m[36mPicture Load (0.2ms)[0m  [1m[34mSELECT "pictures".* FROM "pictures" INNER JOIN "picture_tags" ON "pictures"."id" = "picture_tags"."picture_id" WHERE "picture_tags"."tag_id" = ?[0m  [["tag_id", 3]]
  [1m[36mPicture Load (0.1ms)[0m  [1m[34mSELECT "pictures".* FROM "pictures" INNER JOIN "picture_tags" ON "pictures"."id" = "picture_tags"."picture_id" WHERE "picture_tags"."tag_id" = ?[0m  [["tag_id", 4]]
  [1m[36mPicture Load (0.1ms)[0m  [1m[34mSELECT "pictures".* FROM "pictures" INNER JOIN "picture_tags" ON "pictures"."id" = "picture_tags"."picture_id" WHERE "picture_tags"."tag_id" = ?[0m  [["tag_id", 5]]
  [1m[36mPicture Load (0.1ms)[0m  [1m[34mSELECT "pictures".* FROM "pictures" INNER JOIN "picture_tags" ON "pictures"."id" = "picture_tags"."picture_id" WHERE "picture_tags"."tag_id" = ?[0m  [["tag_id", 6]]
  [1m[36mPicture Load (0.1ms)[0m  [1m[34mSELECT "pictures".* FROM "pictures" INNER JOIN "picture_tags" ON "pictures"."id" = "picture_tags"."picture_id" WHERE "picture_tags"."tag_id" = ?[0m  [["tag_id", 7]]
  [1m[36mPicture Load (0.1ms)[0m  [1m[34mSELECT "pictures".* FROM "pictures" INNER JOIN "picture_tags" ON "pictures"."id" = "picture_tags"."picture_id" WHERE "picture_tags"."tag_id" = ?[0m  [["tag_id", 8]]
  [1m[36mTag Load (2.3ms)[0m  [1m[34mSELECT "tags".* FROM "tags"[0m
  [1m[36mPicture Load (0.5ms)[0m  [1m[34mSELECT "pictures".* FROM "pictures" INNER JOIN "picture_tags" ON "pictures"."id" = "picture_tags"."picture_id" WHERE "picture_tags"."tag_id" = ?[0m  [["tag_id", 1]]
  [1m[36mPicture Load (0.3ms)[0m  [1m[34mSELECT "pictures".* FROM "pictures" INNER JOIN "picture_tags" ON "pictures"."id" = "picture_tags"."picture_id" WHERE "picture_tags"."tag_id" = ?[0m  [["tag_id", 2]]
  [1m[36mPicture Load (0.1ms)[0m  [1m[34mSELECT "pictures".* FROM "pictures" INNER JOIN "picture_tags" ON "pictures"."id" = "picture_tags"."picture_id" WHERE "picture_tags"."tag_id" = ?[0m  [["tag_id", 3]]
  [1m[36mPicture Load (0.1ms)[0m  [1m[34mSELECT "pictures".* FROM "pictures" INNER JOIN "picture_tags" ON "pictures"."id" = "picture_tags"."picture_id" WHERE "picture_tags"."tag_id" = ?[0m  [["tag_id", 4]]
  [1m[36mPicture Load (0.1ms)[0m  [1m[34mSELECT "pictures".* FROM "pictures" INNER JOIN "picture_tags" ON "pictures"."id" = "picture_tags"."picture_id" WHERE "picture_tags"."tag_id" = ?[0m  [["tag_id", 5]]
  [1m[36mPicture Load (0.1ms)[0m  [1m[34mSELECT "pictures".* FROM "pictures" INNER JOIN "picture_tags" ON "pictures"."id" = "picture_tags"."picture_id" WHERE "picture_tags"."tag_id" = ?[0m  [["tag_id", 6]]
  [1m[36mPicture Load (0.1ms)[0m  [1m[34mSELECT "pictures".* FROM "pictures" INNER JOIN "picture_tags" ON "pictures"."id" = "picture_tags"."picture_id" WHERE "picture_tags"."tag_id" = ?[0m  [["tag_id", 7]]
  [1m[36mPicture Load (0.1ms)[0m  [1m[34mSELECT "pictures".* FROM "pictures" INNER JOIN "picture_tags" ON "pictures"."id" = "picture_tags"."picture_id" WHERE "picture_tags"."tag_id" = ?[0m  [["tag_id", 8]]
  [1m[36mTag Load (2.2ms)[0m  [1m[34mSELECT "tags".* FROM "tags"[0m
  [1m[36mPicture Load (0.3ms)[0m  [1m[34mSELECT "pictures".* FROM "pictures" INNER JOIN "picture_tags" ON "pictures"."id" = "picture_tags"."picture_id" WHERE "picture_tags"."tag_id" = ?[0m  [["tag_id", 1]]
  [1m[36mPicture Load (0.3ms)[0m  [1m[34mSELECT "pictures".* FROM "pictures" INNER JOIN "picture_tags" ON "pictures"."id" = "picture_tags"."picture_id" WHERE "picture_tags"."tag_id" = ?[0m  [["tag_id", 2]]
  [1m[36mPicture Load (0.1ms)[0m  [1m[34mSELECT "pictures".* FROM "pictures" INNER JOIN "picture_tags" ON "pictures"."id" = "picture_tags"."picture_id" WHERE "picture_tags"."tag_id" = ?[0m  [["tag_id", 3]]
  [1m[36mPicture Load (0.1ms)[0m  [1m[34mSELECT "pictures".* FROM "pictures" INNER JOIN "picture_tags" ON "pictures"."id" = "picture_tags"."picture_id" WHERE "picture_tags"."tag_id" = ?[0m  [["tag_id", 4]]
  [1m[36mPicture Load (0.2ms)[0m  [1m[34mSELECT "pictures".* FROM "pictures" INNER JOIN "picture_tags" ON "pictures"."id" = "picture_tags"."picture_id" WHERE "picture_tags"."tag_id" = ?[0m  [["tag_id", 5]]
  [1m[36mPicture Load (0.1ms)[0m  [1m[34mSELECT "pictures".* FROM "pictures" INNER JOIN "picture_tags" ON "pictures"."id" = "picture_tags"."picture_id" WHERE "picture_tags"."tag_id" = ?[0m  [["tag_id", 6]]
  [1m[36mPicture Load (0.1ms)[0m  [1m[34mSELECT "pictures".* FROM "pictures" INNER JOIN "picture_tags" ON "pictures"."id" = "picture_tags"."picture_id" WHERE "picture_tags"."tag_id" = ?[0m  [["tag_id", 7]]
  [1m[36mPicture Load (0.1ms)[0m  [1m[34mSELECT "pictures".* FROM "pictures" INNER JOIN "picture_tags" ON "pictures"."id" = "picture_tags"."picture_id" WHERE "picture_tags"."tag_id" = ?[0m  [["tag_id", 8]]
  [1m[36mPicture Load (2.1ms)[0m  [1m[34mSELECT "pictures".* FROM "pictures"[0m
  [1m[36mPicture Load (1.9ms)[0m  [1m[34mSELECT "pictures".* FROM "pictures"[0m
  [1m[36mPicture Load (2.8ms)[0m  [1m[34mSELECT "pictures".* FROM "pictures"[0m
  [1m[36mPicture Load (2.5ms)[0m  [1m[34mSELECT "pictures".* FROM "pictures"[0m
  [1m[36mPicture Load (0.4ms)[0m  [1m[34mSELECT "pictures".* FROM "pictures" WHERE "pictures"."id" IN (NULL, NULL)[0m
